<?xml version="1.0" encoding="UTF-8"?>
<!-- Generated by org.testng.reporters.JUnitReportReporter -->
<testsuite hostname="Mez_Laptop" failures="0" tests="1" name="com.tutorialsNinja.TestCases.LoginTest" time="6.518" errors="0" timestamp="2024-08-04T22:27:22 EDT" skipped="0">
  <testcase classname="com.tutorialsNinja.TestCases.LoginTest" name="verifyLoginWithNoCredentials" time="6.518"/>
</testsuite> <!-- com.tutorialsNinja.TestCases.LoginTest -->
